<?xml version="1.0" encoding="UTF-8"?>
<coverage generated="1573134607758" clover="3.2.0">
  <project timestamp="1573134607759" name="All files">
    <metrics statements="137" coveredstatements="122" conditionals="86" coveredconditionals="66" methods="24" coveredmethods="24" elements="247" coveredelements="212" complexity="0" loc="137" ncloc="137" packages="1" files="2" classes="2"/>
    <file name="class.ts" path="/Users/franz/Sites/TOOLS/graphql-mongo-query/src/class.ts">
      <metrics statements="66" coveredstatements="58" conditionals="41" coveredconditionals="30" methods="12" coveredmethods="12"/>
      <line num="30" count="1" type="stmt"/>
      <line num="42" count="1" type="stmt"/>
      <line num="47" count="1" type="cond" truecount="1" falsecount="1"/>
      <line num="48" count="1" type="cond" truecount="1" falsecount="1"/>
      <line num="49" count="2" type="cond" truecount="1" falsecount="1"/>
      <line num="51" count="1" type="cond" truecount="1" falsecount="1"/>
      <line num="52" count="1" type="cond" truecount="1" falsecount="1"/>
      <line num="55" count="1" type="stmt"/>
      <line num="56" count="24" type="stmt"/>
      <line num="59" count="1" type="stmt"/>
      <line num="60" count="28" type="cond" truecount="2" falsecount="0"/>
      <line num="61" count="10" type="stmt"/>
      <line num="64" count="1" type="stmt"/>
      <line num="65" count="62" type="stmt"/>
      <line num="68" count="1" type="stmt"/>
      <line num="69" count="3" type="cond" truecount="1" falsecount="1"/>
      <line num="70" count="3" type="stmt"/>
      <line num="73" count="1" type="stmt"/>
      <line num="74" count="1" type="stmt"/>
      <line num="77" count="3" type="stmt"/>
      <line num="80" count="1" type="stmt"/>
      <line num="83" count="6" type="stmt"/>
      <line num="88" count="1" type="stmt"/>
      <line num="89" count="13" type="cond" truecount="2" falsecount="0"/>
      <line num="90" count="8" type="cond" truecount="2" falsecount="0"/>
      <line num="91" count="7" type="cond" truecount="2" falsecount="0"/>
      <line num="92" count="4" type="cond" truecount="2" falsecount="0"/>
      <line num="93" count="3" type="cond" truecount="2" falsecount="0"/>
      <line num="94" count="2" type="cond" truecount="1" falsecount="1"/>
      <line num="95" count="0" type="stmt"/>
      <line num="98" count="6" type="cond" truecount="1" falsecount="1"/>
      <line num="101" count="0" type="stmt"/>
      <line num="103" count="3" type="stmt"/>
      <line num="106" count="7" type="stmt"/>
      <line num="110" count="0" type="stmt"/>
      <line num="111" count="0" type="stmt"/>
      <line num="116" count="1" type="stmt"/>
      <line num="117" count="1" type="stmt"/>
      <line num="120" count="6" type="stmt"/>
      <line num="121" count="6" type="stmt"/>
      <line num="125" count="5" type="stmt"/>
      <line num="126" count="5" type="stmt"/>
      <line num="131" count="1" type="stmt"/>
      <line num="132" count="1" type="stmt"/>
      <line num="137" count="0" type="stmt"/>
      <line num="139" count="0" type="stmt"/>
      <line num="140" count="0" type="stmt"/>
      <line num="141" count="0" type="stmt"/>
      <line num="144" count="6" type="cond" truecount="1" falsecount="1"/>
      <line num="146" count="2" type="stmt"/>
      <line num="149" count="24" type="stmt"/>
      <line num="153" count="6" type="stmt"/>
      <line num="158" count="12" type="stmt"/>
      <line num="166" count="13" type="cond" truecount="2" falsecount="0"/>
      <line num="167" count="13" type="stmt"/>
      <line num="168" count="13" type="stmt"/>
      <line num="172" count="1" type="stmt"/>
      <line num="173" count="1" type="stmt"/>
      <line num="179" count="5" type="stmt"/>
      <line num="181" count="8" type="stmt"/>
      <line num="184" count="1" type="stmt"/>
      <line num="189" count="3" type="stmt"/>
      <line num="193" count="3" type="stmt"/>
      <line num="197" count="3" type="stmt"/>
      <line num="200" count="6" type="stmt"/>
      <line num="202" count="1" type="stmt"/>
    </file>
    <file name="functional.ts" path="/Users/franz/Sites/TOOLS/graphql-mongo-query/src/functional.ts">
      <metrics statements="71" coveredstatements="64" conditionals="45" coveredconditionals="36" methods="12" coveredmethods="12"/>
      <line num="3" count="1" type="stmt"/>
      <line num="13" count="1" type="stmt"/>
      <line num="40" count="1" type="stmt"/>
      <line num="42" count="1" type="stmt"/>
      <line num="43" count="35" type="stmt"/>
      <line num="46" count="1" type="stmt"/>
      <line num="47" count="41" type="cond" truecount="2" falsecount="0"/>
      <line num="48" count="17" type="stmt"/>
      <line num="51" count="1" type="stmt"/>
      <line num="52" count="81" type="stmt"/>
      <line num="55" count="1" type="stmt"/>
      <line num="56" count="6" type="cond" truecount="1" falsecount="1"/>
      <line num="57" count="6" type="stmt"/>
      <line num="64" count="2" type="stmt"/>
      <line num="65" count="2" type="stmt"/>
      <line num="68" count="6" type="stmt"/>
      <line num="71" count="1" type="stmt"/>
      <line num="74" count="6" type="stmt"/>
      <line num="79" count="1" type="stmt"/>
      <line num="85" count="16" type="cond" truecount="2" falsecount="0"/>
      <line num="86" count="11" type="cond" truecount="2" falsecount="0"/>
      <line num="87" count="10" type="cond" truecount="2" falsecount="0"/>
      <line num="88" count="7" type="cond" truecount="2" falsecount="0"/>
      <line num="89" count="6" type="cond" truecount="2" falsecount="0"/>
      <line num="90" count="4" type="cond" truecount="1" falsecount="1"/>
      <line num="91" count="0" type="stmt"/>
      <line num="94" count="1" type="stmt"/>
      <line num="99" count="9" type="cond" truecount="2" falsecount="0"/>
      <line num="102" count="0" type="stmt"/>
      <line num="104" count="6" type="stmt"/>
      <line num="107" count="12" type="stmt"/>
      <line num="111" count="0" type="stmt"/>
      <line num="112" count="0" type="stmt"/>
      <line num="117" count="1" type="stmt"/>
      <line num="118" count="1" type="stmt"/>
      <line num="121" count="11" type="stmt"/>
      <line num="122" count="11" type="stmt"/>
      <line num="126" count="5" type="stmt"/>
      <line num="127" count="5" type="stmt"/>
      <line num="132" count="3" type="stmt"/>
      <line num="133" count="3" type="stmt"/>
      <line num="139" count="3" type="stmt"/>
      <line num="141" count="0" type="stmt"/>
      <line num="142" count="0" type="stmt"/>
      <line num="143" count="0" type="stmt"/>
      <line num="147" count="11" type="cond" truecount="2" falsecount="0"/>
      <line num="149" count="5" type="stmt"/>
      <line num="152" count="1" type="stmt"/>
      <line num="155" count="26" type="cond" truecount="1" falsecount="1"/>
      <line num="156" count="26" type="cond" truecount="1" falsecount="1"/>
      <line num="160" count="6" type="stmt"/>
      <line num="165" count="14" type="stmt"/>
      <line num="172" count="13" type="cond" truecount="2" falsecount="0"/>
      <line num="173" count="13" type="stmt"/>
      <line num="174" count="13" type="stmt"/>
      <line num="178" count="1" type="stmt"/>
      <line num="179" count="1" type="stmt"/>
      <line num="186" count="5" type="stmt"/>
      <line num="188" count="8" type="stmt"/>
      <line num="190" count="1" type="stmt"/>
      <line num="195" count="3" type="stmt"/>
      <line num="199" count="3" type="stmt"/>
      <line num="203" count="3" type="stmt"/>
      <line num="206" count="6" type="stmt"/>
      <line num="209" count="1" type="stmt"/>
      <line num="210" count="1" type="cond" truecount="1" falsecount="1"/>
      <line num="211" count="1" type="cond" truecount="1" falsecount="1"/>
      <line num="212" count="2" type="cond" truecount="1" falsecount="1"/>
      <line num="214" count="1" type="stmt"/>
      <line num="217" count="1" type="cond" truecount="1" falsecount="1"/>
      <line num="218" count="1" type="stmt"/>
    </file>
  </project>
</coverage>
