{"/Users/franz/Sites/TOOLS/graphql-mongo-query/src/class.ts": {"path":"/Users/franz/Sites/TOOLS/graphql-mongo-query/src/class.ts","statementMap":{"0":{"start":{"line":30,"column":30},"end":{"line":30,"column":32}},"1":{"start":{"line":42,"column":0},"end":{"line":42,"column":null}},"2":{"start":{"line":47,"column":2},"end":{"line":47,"column":null}},"3":{"start":{"line":48,"column":2},"end":{"line":48,"column":null}},"4":{"start":{"line":49,"column":2},"end":{"line":49,"column":null}},"5":{"start":{"line":51,"column":2},"end":{"line":51,"column":null}},"6":{"start":{"line":52,"column":2},"end":{"line":52,"column":null}},"7":{"start":{"line":55,"column":9},"end":{"line":57,"column":null}},"8":{"start":{"line":56,"column":2},"end":{"line":56,"column":null}},"9":{"start":{"line":59,"column":9},"end":{"line":62,"column":null}},"10":{"start":{"line":60,"column":2},"end":{"line":61,"column":null}},"11":{"start":{"line":60,"column":39},"end":{"line":60,"column":null}},"12":{"start":{"line":61,"column":7},"end":{"line":61,"column":null}},"13":{"start":{"line":64,"column":9},"end":{"line":66,"column":null}},"14":{"start":{"line":65,"column":2},"end":{"line":65,"column":null}},"15":{"start":{"line":68,"column":9},"end":{"line":78,"column":null}},"16":{"start":{"line":69,"column":2},"end":{"line":69,"column":null}},"17":{"start":{"line":69,"column":31},"end":{"line":69,"column":null}},"18":{"start":{"line":70,"column":17},"end":{"line":70,"column":22}},"19":{"start":{"line":73,"column":4},"end":{"line":73,"column":null}},"20":{"start":{"line":74,"column":4},"end":{"line":74,"column":9}},"21":{"start":{"line":77,"column":2},"end":{"line":77,"column":null}},"22":{"start":{"line":80,"column":9},"end":{"line":86,"column":null}},"23":{"start":{"line":83,"column":4},"end":{"line":83,"column":null}},"24":{"start":{"line":88,"column":9},"end":{"line":96,"column":null}},"25":{"start":{"line":89,"column":2},"end":{"line":95,"column":null}},"26":{"start":{"line":89,"column":28},"end":{"line":89,"column":null}},"27":{"start":{"line":90,"column":7},"end":{"line":95,"column":null}},"28":{"start":{"line":90,"column":35},"end":{"line":90,"column":null}},"29":{"start":{"line":91,"column":7},"end":{"line":95,"column":null}},"30":{"start":{"line":91,"column":34},"end":{"line":91,"column":null}},"31":{"start":{"line":92,"column":7},"end":{"line":95,"column":null}},"32":{"start":{"line":92,"column":33},"end":{"line":92,"column":null}},"33":{"start":{"line":93,"column":7},"end":{"line":95,"column":null}},"34":{"start":{"line":93,"column":31},"end":{"line":93,"column":null}},"35":{"start":{"line":94,"column":7},"end":{"line":95,"column":null}},"36":{"start":{"line":94,"column":36},"end":{"line":94,"column":null}},"37":{"start":{"line":95,"column":7},"end":{"line":95,"column":null}},"38":{"start":{"line":98,"column":9},"end":{"line":147,"column":null}},"39":{"start":{"line":98,"column":31},"end":{"line":98,"column":null}},"40":{"start":{"line":101,"column":3},"end":{"line":101,"column":null}},"41":{"start":{"line":103,"column":15},"end":{"line":103,"column":25}},"42":{"start":{"line":106,"column":17},"end":{"line":106,"column":22}},"43":{"start":{"line":110,"column":4},"end":{"line":110,"column":null}},"44":{"start":{"line":111,"column":4},"end":{"line":111,"column":null}},"45":{"start":{"line":116,"column":4},"end":{"line":116,"column":null}},"46":{"start":{"line":117,"column":4},"end":{"line":117,"column":null}},"47":{"start":{"line":120,"column":18},"end":{"line":120,"column":31}},"48":{"start":{"line":121,"column":18},"end":{"line":121,"column":24}},"49":{"start":{"line":125,"column":4},"end":{"line":125,"column":null}},"50":{"start":{"line":126,"column":4},"end":{"line":126,"column":null}},"51":{"start":{"line":131,"column":4},"end":{"line":131,"column":null}},"52":{"start":{"line":132,"column":4},"end":{"line":132,"column":null}},"53":{"start":{"line":137,"column":14},"end":{"line":137,"column":38}},"54":{"start":{"line":139,"column":5},"end":{"line":139,"column":null}},"55":{"start":{"line":140,"column":5},"end":{"line":140,"column":null}},"56":{"start":{"line":141,"column":5},"end":{"line":141,"column":10}},"57":{"start":{"line":144,"column":3},"end":{"line":144,"column":null}},"58":{"start":{"line":144,"column":17},"end":{"line":144,"column":null}},"59":{"start":{"line":146,"column":2},"end":{"line":146,"column":null}},"60":{"start":{"line":149,"column":1},"end":{"line":201,"column":null}},"61":{"start":{"line":149,"column":1},"end":{"line":149,"column":13}},"62":{"start":{"line":153,"column":3},"end":{"line":153,"column":null}},"63":{"start":{"line":158,"column":3},"end":{"line":158,"column":null}},"64":{"start":{"line":166,"column":3},"end":{"line":166,"column":null}},"65":{"start":{"line":166,"column":17},"end":{"line":166,"column":null}},"66":{"start":{"line":167,"column":15},"end":{"line":167,"column":24}},"67":{"start":{"line":168,"column":13},"end":{"line":168,"column":35}},"68":{"start":{"line":172,"column":21},"end":{"line":172,"column":48}},"69":{"start":{"line":173,"column":4},"end":{"line":175,"column":null}},"70":{"start":{"line":179,"column":20},"end":{"line":179,"column":38}},"71":{"start":{"line":181,"column":5},"end":{"line":181,"column":null}},"72":{"start":{"line":181,"column":37},"end":{"line":181,"column":58}},"73":{"start":{"line":184,"column":5},"end":{"line":184,"column":null}},"74":{"start":{"line":189,"column":4},"end":{"line":189,"column":null}},"75":{"start":{"line":193,"column":4},"end":{"line":193,"column":null}},"76":{"start":{"line":193,"column":32},"end":{"line":193,"column":53}},"77":{"start":{"line":197,"column":4},"end":{"line":197,"column":null}},"78":{"start":{"line":200,"column":2},"end":{"line":200,"column":null}},"79":{"start":{"line":202,"column":0},"end":{"line":202,"column":null}}},"fnMap":{"0":{"name":"(anonymous_2)","decl":{"start":{"line":42,"column":0},"end":{"line":42,"column":null}},"loc":{"start":{"line":42,"column":0},"end":{"line":202,"column":null}}},"1":{"name":"GQLMongoQuery","decl":{"start":{"line":46,"column":1},"end":{"line":46,"column":null}},"loc":{"start":{"line":49,"column":23},"end":{"line":53,"column":2}}},"2":{"name":"(anonymous_4)","decl":{"start":{"line":55,"column":1},"end":{"line":55,"column":9}},"loc":{"start":{"line":55,"column":23},"end":{"line":57,"column":2}}},"3":{"name":"(anonymous_5)","decl":{"start":{"line":59,"column":1},"end":{"line":59,"column":9}},"loc":{"start":{"line":59,"column":24},"end":{"line":62,"column":2}}},"4":{"name":"(anonymous_6)","decl":{"start":{"line":64,"column":1},"end":{"line":64,"column":9}},"loc":{"start":{"line":64,"column":25},"end":{"line":66,"column":2}}},"5":{"name":"(anonymous_7)","decl":{"start":{"line":68,"column":1},"end":{"line":68,"column":9}},"loc":{"start":{"line":68,"column":21},"end":{"line":78,"column":2}}},"6":{"name":"(anonymous_8)","decl":{"start":{"line":80,"column":1},"end":{"line":80,"column":9}},"loc":{"start":{"line":80,"column":27},"end":{"line":86,"column":2}}},"7":{"name":"(anonymous_9)","decl":{"start":{"line":88,"column":1},"end":{"line":88,"column":9}},"loc":{"start":{"line":88,"column":27},"end":{"line":96,"column":2}}},"8":{"name":"(anonymous_10)","decl":{"start":{"line":98,"column":1},"end":{"line":98,"column":9}},"loc":{"start":{"line":98,"column":46},"end":{"line":147,"column":2}}},"9":{"name":"(anonymous_11)","decl":{"start":{"line":149,"column":1},"end":{"line":149,"column":13}},"loc":{"start":{"line":149,"column":30},"end":{"line":201,"column":2}}},"10":{"name":"(anonymous_12)","decl":{"start":{"line":181,"column":32},"end":{"line":181,"column":33}},"loc":{"start":{"line":181,"column":33},"end":{"line":181,"column":41}}},"11":{"name":"(anonymous_13)","decl":{"start":{"line":193,"column":27},"end":{"line":193,"column":28}},"loc":{"start":{"line":193,"column":28},"end":{"line":193,"column":36}}}},"branchMap":{"0":{"loc":{"start":{"line":47,"column":2},"end":{"line":47,"column":null}},"type":"if","locations":[{"start":{"line":47,"column":2},"end":{"line":47,"column":null}},{"start":{"line":47,"column":2},"end":{"line":47,"column":null}}]},"1":{"loc":{"start":{"line":48,"column":2},"end":{"line":48,"column":null}},"type":"if","locations":[{"start":{"line":48,"column":2},"end":{"line":48,"column":null}},{"start":{"line":48,"column":2},"end":{"line":48,"column":null}}]},"2":{"loc":{"start":{"line":49,"column":2},"end":{"line":49,"column":null}},"type":"if","locations":[{"start":{"line":49,"column":2},"end":{"line":49,"column":null}},{"start":{"line":49,"column":2},"end":{"line":49,"column":null}}]},"3":{"loc":{"start":{"line":51,"column":25},"end":{"line":51,"column":62}},"type":"cond-expr","locations":[{"start":{"line":51,"column":25},"end":{"line":51,"column":62}},{"start":{"line":51,"column":64},"end":{"line":51,"column":72}}]},"4":{"loc":{"start":{"line":52,"column":23},"end":{"line":52,"column":56}},"type":"cond-expr","locations":[{"start":{"line":52,"column":23},"end":{"line":52,"column":56}},{"start":{"line":52,"column":58},"end":{"line":52,"column":64}}]},"5":{"loc":{"start":{"line":60,"column":2},"end":{"line":61,"column":null}},"type":"if","locations":[{"start":{"line":60,"column":2},"end":{"line":61,"column":null}},{"start":{"line":60,"column":2},"end":{"line":61,"column":null}}]},"6":{"loc":{"start":{"line":69,"column":2},"end":{"line":69,"column":null}},"type":"if","locations":[{"start":{"line":69,"column":2},"end":{"line":69,"column":null}},{"start":{"line":69,"column":2},"end":{"line":69,"column":null}}]},"7":{"loc":{"start":{"line":72,"column":7},"end":{"line":72,"column":26}},"type":"binary-expr","locations":[{"start":{"line":72,"column":7},"end":{"line":72,"column":26}},{"start":{"line":72,"column":30},"end":{"line":72,"column":55}},{"start":{"line":72,"column":59},"end":{"line":72,"column":80}}]},"8":{"loc":{"start":{"line":89,"column":2},"end":{"line":95,"column":null}},"type":"if","locations":[{"start":{"line":89,"column":2},"end":{"line":95,"column":null}},{"start":{"line":89,"column":2},"end":{"line":95,"column":null}}]},"9":{"loc":{"start":{"line":90,"column":7},"end":{"line":95,"column":null}},"type":"if","locations":[{"start":{"line":90,"column":7},"end":{"line":95,"column":null}},{"start":{"line":90,"column":7},"end":{"line":95,"column":null}}]},"10":{"loc":{"start":{"line":91,"column":7},"end":{"line":95,"column":null}},"type":"if","locations":[{"start":{"line":91,"column":7},"end":{"line":95,"column":null}},{"start":{"line":91,"column":7},"end":{"line":95,"column":null}}]},"11":{"loc":{"start":{"line":92,"column":7},"end":{"line":95,"column":null}},"type":"if","locations":[{"start":{"line":92,"column":7},"end":{"line":95,"column":null}},{"start":{"line":92,"column":7},"end":{"line":95,"column":null}}]},"12":{"loc":{"start":{"line":93,"column":7},"end":{"line":95,"column":null}},"type":"if","locations":[{"start":{"line":93,"column":7},"end":{"line":95,"column":null}},{"start":{"line":93,"column":7},"end":{"line":95,"column":null}}]},"13":{"loc":{"start":{"line":94,"column":7},"end":{"line":95,"column":null}},"type":"if","locations":[{"start":{"line":94,"column":7},"end":{"line":95,"column":null}},{"start":{"line":94,"column":7},"end":{"line":95,"column":null}}]},"14":{"loc":{"start":{"line":98,"column":31},"end":{"line":98,"column":null}},"type":"if","locations":[{"start":{"line":98,"column":31},"end":{"line":98,"column":null}},{"start":{"line":98,"column":31},"end":{"line":98,"column":null}}]},"15":{"loc":{"start":{"line":138,"column":8},"end":{"line":138,"column":22}},"type":"binary-expr","locations":[{"start":{"line":138,"column":8},"end":{"line":138,"column":22}},{"start":{"line":138,"column":26},"end":{"line":138,"column":38}}]},"16":{"loc":{"start":{"line":144,"column":3},"end":{"line":144,"column":null}},"type":"if","locations":[{"start":{"line":144,"column":3},"end":{"line":144,"column":null}},{"start":{"line":144,"column":3},"end":{"line":144,"column":null}}]},"17":{"loc":{"start":{"line":157,"column":6},"end":{"line":157,"column":16}},"type":"binary-expr","locations":[{"start":{"line":157,"column":6},"end":{"line":157,"column":16}},{"start":{"line":157,"column":20},"end":{"line":157,"column":42}}]},"18":{"loc":{"start":{"line":166,"column":3},"end":{"line":166,"column":null}},"type":"if","locations":[{"start":{"line":166,"column":3},"end":{"line":166,"column":null}},{"start":{"line":166,"column":3},"end":{"line":166,"column":null}}]},"19":{"loc":{"start":{"line":188,"column":12},"end":{"line":188,"column":26}},"type":"binary-expr","locations":[{"start":{"line":188,"column":12},"end":{"line":188,"column":26}},{"start":{"line":188,"column":30},"end":{"line":188,"column":42}}]}},"s":{"0":1,"1":1,"2":1,"3":1,"4":2,"5":1,"6":1,"7":1,"8":24,"9":1,"10":28,"11":18,"12":10,"13":1,"14":62,"15":1,"16":3,"17":0,"18":3,"19":1,"20":1,"21":3,"22":1,"23":6,"24":1,"25":13,"26":5,"27":8,"28":1,"29":7,"30":3,"31":4,"32":1,"33":3,"34":1,"35":2,"36":2,"37":0,"38":1,"39":6,"40":0,"41":3,"42":7,"43":0,"44":0,"45":1,"46":1,"47":6,"48":6,"49":5,"50":5,"51":1,"52":1,"53":0,"54":0,"55":0,"56":0,"57":6,"58":0,"59":2,"60":1,"61":24,"62":6,"63":12,"64":13,"65":6,"66":13,"67":13,"68":1,"69":1,"70":5,"71":4,"72":8,"73":1,"74":3,"75":1,"76":3,"77":3,"78":6,"79":1},"f":{"0":1,"1":1,"2":24,"3":28,"4":62,"5":3,"6":6,"7":13,"8":3,"9":24,"10":8,"11":3},"b":{"0":[0,1],"1":[0,1],"2":[1,0],"3":[1,0],"4":[1,0],"5":[18,10],"6":[0,3],"7":[4,3,1],"8":[5,8],"9":[1,7],"10":[3,4],"11":[1,3],"12":[1,2],"13":[2,0],"14":[3,0],"15":[0,0],"16":[0,6],"17":[18,17],"18":[6,7],"19":[7,6]}}
,"/Users/franz/Sites/TOOLS/graphql-mongo-query/src/functional.ts": {"path":"/Users/franz/Sites/TOOLS/graphql-mongo-query/src/functional.ts","statementMap":{"0":{"start":{"line":3,"column":13},"end":{"line":11,"column":null}},"1":{"start":{"line":13,"column":13},"end":{"line":39,"column":null}},"2":{"start":{"line":40,"column":30},"end":{"line":40,"column":32}},"3":{"start":{"line":42,"column":13},"end":{"line":44,"column":null}},"4":{"start":{"line":43,"column":4},"end":{"line":43,"column":null}},"5":{"start":{"line":46,"column":13},"end":{"line":49,"column":null}},"6":{"start":{"line":47,"column":1},"end":{"line":48,"column":null}},"7":{"start":{"line":47,"column":38},"end":{"line":47,"column":null}},"8":{"start":{"line":48,"column":6},"end":{"line":48,"column":null}},"9":{"start":{"line":51,"column":13},"end":{"line":53,"column":null}},"10":{"start":{"line":52,"column":1},"end":{"line":52,"column":null}},"11":{"start":{"line":55,"column":13},"end":{"line":69,"column":null}},"12":{"start":{"line":56,"column":1},"end":{"line":56,"column":null}},"13":{"start":{"line":56,"column":32},"end":{"line":56,"column":null}},"14":{"start":{"line":57,"column":14},"end":{"line":57,"column":19}},"15":{"start":{"line":64,"column":3},"end":{"line":64,"column":null}},"16":{"start":{"line":65,"column":3},"end":{"line":65,"column":8}},"17":{"start":{"line":68,"column":1},"end":{"line":68,"column":null}},"18":{"start":{"line":71,"column":13},"end":{"line":77,"column":null}},"19":{"start":{"line":74,"column":3},"end":{"line":74,"column":null}},"20":{"start":{"line":79,"column":13},"end":{"line":92,"column":null}},"21":{"start":{"line":85,"column":1},"end":{"line":91,"column":null}},"22":{"start":{"line":85,"column":32},"end":{"line":85,"column":null}},"23":{"start":{"line":86,"column":6},"end":{"line":91,"column":null}},"24":{"start":{"line":86,"column":37},"end":{"line":86,"column":null}},"25":{"start":{"line":87,"column":6},"end":{"line":91,"column":null}},"26":{"start":{"line":87,"column":28},"end":{"line":87,"column":null}},"27":{"start":{"line":88,"column":6},"end":{"line":91,"column":null}},"28":{"start":{"line":88,"column":30},"end":{"line":88,"column":null}},"29":{"start":{"line":89,"column":6},"end":{"line":91,"column":null}},"30":{"start":{"line":89,"column":43},"end":{"line":89,"column":null}},"31":{"start":{"line":90,"column":6},"end":{"line":91,"column":null}},"32":{"start":{"line":90,"column":35},"end":{"line":90,"column":null}},"33":{"start":{"line":91,"column":6},"end":{"line":91,"column":null}},"34":{"start":{"line":94,"column":20},"end":{"line":150,"column":1}},"35":{"start":{"line":99,"column":1},"end":{"line":99,"column":null}},"36":{"start":{"line":102,"column":2},"end":{"line":102,"column":null}},"37":{"start":{"line":104,"column":14},"end":{"line":104,"column":24}},"38":{"start":{"line":107,"column":16},"end":{"line":107,"column":21}},"39":{"start":{"line":111,"column":3},"end":{"line":111,"column":null}},"40":{"start":{"line":112,"column":3},"end":{"line":112,"column":null}},"41":{"start":{"line":117,"column":3},"end":{"line":117,"column":null}},"42":{"start":{"line":118,"column":3},"end":{"line":118,"column":null}},"43":{"start":{"line":121,"column":17},"end":{"line":121,"column":30}},"44":{"start":{"line":122,"column":17},"end":{"line":122,"column":23}},"45":{"start":{"line":126,"column":3},"end":{"line":126,"column":null}},"46":{"start":{"line":127,"column":3},"end":{"line":127,"column":null}},"47":{"start":{"line":132,"column":3},"end":{"line":132,"column":null}},"48":{"start":{"line":133,"column":3},"end":{"line":133,"column":null}},"49":{"start":{"line":139,"column":26},"end":{"line":139,"column":63}},"50":{"start":{"line":141,"column":20},"end":{"line":141,"column":null}},"51":{"start":{"line":142,"column":20},"end":{"line":142,"column":null}},"52":{"start":{"line":143,"column":20},"end":{"line":143,"column":25}},"53":{"start":{"line":147,"column":2},"end":{"line":147,"column":null}},"54":{"start":{"line":147,"column":16},"end":{"line":147,"column":null}},"55":{"start":{"line":149,"column":1},"end":{"line":149,"column":null}},"56":{"start":{"line":152,"column":13},"end":{"line":207,"column":null}},"57":{"start":{"line":155,"column":1},"end":{"line":155,"column":null}},"58":{"start":{"line":156,"column":1},"end":{"line":156,"column":null}},"59":{"start":{"line":160,"column":2},"end":{"line":160,"column":null}},"60":{"start":{"line":165,"column":2},"end":{"line":165,"column":null}},"61":{"start":{"line":172,"column":2},"end":{"line":172,"column":null}},"62":{"start":{"line":172,"column":16},"end":{"line":172,"column":null}},"63":{"start":{"line":173,"column":14},"end":{"line":173,"column":23}},"64":{"start":{"line":174,"column":12},"end":{"line":174,"column":47}},"65":{"start":{"line":178,"column":20},"end":{"line":178,"column":60}},"66":{"start":{"line":179,"column":3},"end":{"line":182,"column":null}},"67":{"start":{"line":186,"column":19},"end":{"line":186,"column":32}},"68":{"start":{"line":188,"column":4},"end":{"line":188,"column":null}},"69":{"start":{"line":188,"column":36},"end":{"line":188,"column":76}},"70":{"start":{"line":190,"column":4},"end":{"line":190,"column":null}},"71":{"start":{"line":195,"column":3},"end":{"line":195,"column":null}},"72":{"start":{"line":199,"column":3},"end":{"line":199,"column":null}},"73":{"start":{"line":199,"column":31},"end":{"line":199,"column":71}},"74":{"start":{"line":203,"column":3},"end":{"line":203,"column":null}},"75":{"start":{"line":206,"column":1},"end":{"line":206,"column":null}},"76":{"start":{"line":209,"column":0},"end":{"line":219,"column":null}},"77":{"start":{"line":210,"column":1},"end":{"line":210,"column":null}},"78":{"start":{"line":211,"column":1},"end":{"line":211,"column":null}},"79":{"start":{"line":212,"column":1},"end":{"line":212,"column":null}},"80":{"start":{"line":214,"column":28},"end":{"line":216,"column":18}},"81":{"start":{"line":217,"column":24},"end":{"line":217,"column":84}},"82":{"start":{"line":218,"column":1},"end":{"line":218,"column":null}},"83":{"start":{"line":218,"column":34},"end":{"line":218,"column":null}}},"fnMap":{"0":{"name":"(anonymous_2)","decl":{"start":{"line":42,"column":26},"end":{"line":42,"column":27}},"loc":{"start":{"line":42,"column":56},"end":{"line":44,"column":1}}},"1":{"name":"(anonymous_3)","decl":{"start":{"line":46,"column":27},"end":{"line":46,"column":28}},"loc":{"start":{"line":46,"column":31},"end":{"line":49,"column":1}}},"2":{"name":"(anonymous_4)","decl":{"start":{"line":51,"column":28},"end":{"line":51,"column":29}},"loc":{"start":{"line":51,"column":56},"end":{"line":53,"column":1}}},"3":{"name":"(anonymous_5)","decl":{"start":{"line":55,"column":24},"end":{"line":55,"column":25}},"loc":{"start":{"line":55,"column":64},"end":{"line":69,"column":1}}},"4":{"name":"(anonymous_6)","decl":{"start":{"line":71,"column":29},"end":{"line":71,"column":30}},"loc":{"start":{"line":71,"column":60},"end":{"line":77,"column":1}}},"5":{"name":"(anonymous_7)","decl":{"start":{"line":79,"column":23},"end":{"line":79,"column":null}},"loc":{"start":{"line":83,"column":13},"end":{"line":92,"column":1}}},"6":{"name":"(anonymous_8)","decl":{"start":{"line":94,"column":20},"end":{"line":94,"column":null}},"loc":{"start":{"line":99,"column":16},"end":{"line":150,"column":1}}},"7":{"name":"(anonymous_9)","decl":{"start":{"line":152,"column":28},"end":{"line":152,"column":null}},"loc":{"start":{"line":156,"column":20},"end":{"line":207,"column":1}}},"8":{"name":"(anonymous_10)","decl":{"start":{"line":188,"column":31},"end":{"line":188,"column":32}},"loc":{"start":{"line":188,"column":32},"end":{"line":188,"column":48}}},"9":{"name":"(anonymous_11)","decl":{"start":{"line":199,"column":26},"end":{"line":199,"column":27}},"loc":{"start":{"line":199,"column":27},"end":{"line":199,"column":43}}},"10":{"name":"(anonymous_12)","decl":{"start":{"line":209,"column":15},"end":{"line":209,"column":null}},"loc":{"start":{"line":212,"column":22},"end":{"line":219,"column":1}}},"11":{"name":"(anonymous_13)","decl":{"start":{"line":218,"column":8},"end":{"line":218,"column":9}},"loc":{"start":{"line":218,"column":21},"end":{"line":218,"column":46}}}},"branchMap":{"0":{"loc":{"start":{"line":47,"column":1},"end":{"line":48,"column":null}},"type":"if","locations":[{"start":{"line":47,"column":1},"end":{"line":48,"column":null}},{"start":{"line":47,"column":1},"end":{"line":48,"column":null}}]},"1":{"loc":{"start":{"line":56,"column":1},"end":{"line":56,"column":null}},"type":"if","locations":[{"start":{"line":56,"column":1},"end":{"line":56,"column":null}},{"start":{"line":56,"column":1},"end":{"line":56,"column":null}}]},"2":{"loc":{"start":{"line":60,"column":3},"end":{"line":60,"column":29}},"type":"binary-expr","locations":[{"start":{"line":60,"column":3},"end":{"line":60,"column":29}},{"start":{"line":61,"column":3},"end":{"line":61,"column":27}},{"start":{"line":62,"column":3},"end":{"line":62,"column":29}}]},"3":{"loc":{"start":{"line":85,"column":1},"end":{"line":91,"column":null}},"type":"if","locations":[{"start":{"line":85,"column":1},"end":{"line":91,"column":null}},{"start":{"line":85,"column":1},"end":{"line":91,"column":null}}]},"4":{"loc":{"start":{"line":86,"column":6},"end":{"line":91,"column":null}},"type":"if","locations":[{"start":{"line":86,"column":6},"end":{"line":91,"column":null}},{"start":{"line":86,"column":6},"end":{"line":91,"column":null}}]},"5":{"loc":{"start":{"line":87,"column":6},"end":{"line":91,"column":null}},"type":"if","locations":[{"start":{"line":87,"column":6},"end":{"line":91,"column":null}},{"start":{"line":87,"column":6},"end":{"line":91,"column":null}}]},"6":{"loc":{"start":{"line":88,"column":6},"end":{"line":91,"column":null}},"type":"if","locations":[{"start":{"line":88,"column":6},"end":{"line":91,"column":null}},{"start":{"line":88,"column":6},"end":{"line":91,"column":null}}]},"7":{"loc":{"start":{"line":89,"column":6},"end":{"line":91,"column":null}},"type":"if","locations":[{"start":{"line":89,"column":6},"end":{"line":91,"column":null}},{"start":{"line":89,"column":6},"end":{"line":91,"column":null}}]},"8":{"loc":{"start":{"line":90,"column":6},"end":{"line":91,"column":null}},"type":"if","locations":[{"start":{"line":90,"column":6},"end":{"line":91,"column":null}},{"start":{"line":90,"column":6},"end":{"line":91,"column":null}}]},"9":{"loc":{"start":{"line":99,"column":1},"end":{"line":99,"column":null}},"type":"if","locations":[{"start":{"line":99,"column":1},"end":{"line":99,"column":null}},{"start":{"line":99,"column":1},"end":{"line":99,"column":null}}]},"10":{"loc":{"start":{"line":140,"column":20},"end":{"line":140,"column":34}},"type":"binary-expr","locations":[{"start":{"line":140,"column":20},"end":{"line":140,"column":34}},{"start":{"line":140,"column":38},"end":{"line":140,"column":50}}]},"11":{"loc":{"start":{"line":147,"column":2},"end":{"line":147,"column":null}},"type":"if","locations":[{"start":{"line":147,"column":2},"end":{"line":147,"column":null}},{"start":{"line":147,"column":2},"end":{"line":147,"column":null}}]},"12":{"loc":{"start":{"line":155,"column":1},"end":{"line":155,"column":null}},"type":"if","locations":[{"start":{"line":155,"column":1},"end":{"line":155,"column":null}},{"start":{"line":155,"column":1},"end":{"line":155,"column":null}}]},"13":{"loc":{"start":{"line":156,"column":1},"end":{"line":156,"column":null}},"type":"if","locations":[{"start":{"line":156,"column":1},"end":{"line":156,"column":null}},{"start":{"line":156,"column":1},"end":{"line":156,"column":null}}]},"14":{"loc":{"start":{"line":164,"column":5},"end":{"line":164,"column":15}},"type":"binary-expr","locations":[{"start":{"line":164,"column":5},"end":{"line":164,"column":15}},{"start":{"line":164,"column":19},"end":{"line":164,"column":36}}]},"15":{"loc":{"start":{"line":172,"column":2},"end":{"line":172,"column":null}},"type":"if","locations":[{"start":{"line":172,"column":2},"end":{"line":172,"column":null}},{"start":{"line":172,"column":2},"end":{"line":172,"column":null}}]},"16":{"loc":{"start":{"line":194,"column":11},"end":{"line":194,"column":25}},"type":"binary-expr","locations":[{"start":{"line":194,"column":11},"end":{"line":194,"column":25}},{"start":{"line":194,"column":29},"end":{"line":194,"column":41}}]},"17":{"loc":{"start":{"line":210,"column":1},"end":{"line":210,"column":null}},"type":"if","locations":[{"start":{"line":210,"column":1},"end":{"line":210,"column":null}},{"start":{"line":210,"column":1},"end":{"line":210,"column":null}}]},"18":{"loc":{"start":{"line":211,"column":1},"end":{"line":211,"column":null}},"type":"if","locations":[{"start":{"line":211,"column":1},"end":{"line":211,"column":null}},{"start":{"line":211,"column":1},"end":{"line":211,"column":null}}]},"19":{"loc":{"start":{"line":212,"column":1},"end":{"line":212,"column":null}},"type":"if","locations":[{"start":{"line":212,"column":1},"end":{"line":212,"column":null}},{"start":{"line":212,"column":1},"end":{"line":212,"column":null}}]},"20":{"loc":{"start":{"line":215,"column":3},"end":{"line":215,"column":null}},"type":"cond-expr","locations":[{"start":{"line":215,"column":3},"end":{"line":215,"column":null}},{"start":{"line":216,"column":4},"end":{"line":216,"column":18}}]},"21":{"loc":{"start":{"line":217,"column":31},"end":{"line":217,"column":70}},"type":"cond-expr","locations":[{"start":{"line":217,"column":31},"end":{"line":217,"column":70}},{"start":{"line":217,"column":72},"end":{"line":217,"column":84}}]}},"s":{"0":1,"1":1,"2":1,"3":1,"4":35,"5":1,"6":41,"7":24,"8":17,"9":1,"10":81,"11":1,"12":6,"13":0,"14":6,"15":2,"16":2,"17":6,"18":1,"19":6,"20":1,"21":16,"22":5,"23":11,"24":1,"25":10,"26":3,"27":7,"28":1,"29":6,"30":2,"31":4,"32":4,"33":0,"34":1,"35":9,"36":0,"37":6,"38":12,"39":0,"40":0,"41":1,"42":1,"43":11,"44":11,"45":5,"46":5,"47":3,"48":3,"49":3,"50":0,"51":0,"52":0,"53":11,"54":3,"55":5,"56":1,"57":26,"58":26,"59":6,"60":14,"61":13,"62":6,"63":13,"64":13,"65":1,"66":1,"67":5,"68":4,"69":8,"70":1,"71":3,"72":1,"73":3,"74":3,"75":6,"76":1,"77":1,"78":1,"79":2,"80":1,"81":1,"82":1,"83":1},"f":{"0":35,"1":41,"2":81,"3":6,"4":6,"5":16,"6":6,"7":26,"8":8,"9":3,"10":1,"11":1},"b":{"0":[24,17],"1":[0,6],"2":[7,6,2],"3":[5,11],"4":[1,10],"5":[3,7],"6":[1,6],"7":[2,4],"8":[4,0],"9":[3,3],"10":[3,2],"11":[3,8],"12":[0,26],"13":[0,26],"14":[20,19],"15":[6,7],"16":[7,6],"17":[0,1],"18":[0,1],"19":[1,0],"20":[1,0],"21":[1,0]}}
}
