TN:
SF:/Users/franz/Sites/TOOLS/graphql-mongo-query/src/class.ts
FN:42,(anonymous_2)
FN:46,GQLMongoQuery
FN:55,(anonymous_4)
FN:59,(anonymous_5)
FN:64,(anonymous_6)
FN:68,(anonymous_7)
FN:80,(anonymous_8)
FN:88,(anonymous_9)
FN:98,(anonymous_10)
FN:149,(anonymous_11)
FN:181,(anonymous_12)
FN:193,(anonymous_13)
FNF:12
FNH:12
FNDA:1,(anonymous_2)
FNDA:1,GQLMongoQuery
FNDA:24,(anonymous_4)
FNDA:28,(anonymous_5)
FNDA:62,(anonymous_6)
FNDA:3,(anonymous_7)
FNDA:6,(anonymous_8)
FNDA:13,(anonymous_9)
FNDA:3,(anonymous_10)
FNDA:24,(anonymous_11)
FNDA:8,(anonymous_12)
FNDA:3,(anonymous_13)
DA:30,1
DA:42,1
DA:47,1
DA:48,1
DA:49,2
DA:51,1
DA:52,1
DA:55,1
DA:56,24
DA:59,1
DA:60,28
DA:61,10
DA:64,1
DA:65,62
DA:68,1
DA:69,3
DA:70,3
DA:73,1
DA:74,1
DA:77,3
DA:80,1
DA:83,6
DA:88,1
DA:89,13
DA:90,8
DA:91,7
DA:92,4
DA:93,3
DA:94,2
DA:95,0
DA:98,6
DA:101,0
DA:103,3
DA:106,7
DA:110,0
DA:111,0
DA:116,1
DA:117,1
DA:120,6
DA:121,6
DA:125,5
DA:126,5
DA:131,1
DA:132,1
DA:137,0
DA:139,0
DA:140,0
DA:141,0
DA:144,6
DA:146,2
DA:149,24
DA:153,6
DA:158,12
DA:166,13
DA:167,13
DA:168,13
DA:172,1
DA:173,1
DA:179,5
DA:181,8
DA:184,1
DA:189,3
DA:193,3
DA:197,3
DA:200,6
DA:202,1
LF:66
LH:58
BRDA:47,0,0,0
BRDA:47,0,1,1
BRDA:48,1,0,0
BRDA:48,1,1,1
BRDA:49,2,0,1
BRDA:49,2,1,0
BRDA:51,3,0,1
BRDA:51,3,1,0
BRDA:52,4,0,1
BRDA:52,4,1,0
BRDA:60,5,0,18
BRDA:60,5,1,10
BRDA:69,6,0,0
BRDA:69,6,1,3
BRDA:72,7,0,4
BRDA:72,7,1,3
BRDA:72,7,2,1
BRDA:89,8,0,5
BRDA:89,8,1,8
BRDA:90,9,0,1
BRDA:90,9,1,7
BRDA:91,10,0,3
BRDA:91,10,1,4
BRDA:92,11,0,1
BRDA:92,11,1,3
BRDA:93,12,0,1
BRDA:93,12,1,2
BRDA:94,13,0,2
BRDA:94,13,1,0
BRDA:98,14,0,3
BRDA:98,14,1,0
BRDA:138,15,0,0
BRDA:138,15,1,0
BRDA:144,16,0,0
BRDA:144,16,1,6
BRDA:157,17,0,18
BRDA:157,17,1,17
BRDA:166,18,0,6
BRDA:166,18,1,7
BRDA:188,19,0,7
BRDA:188,19,1,6
BRF:41
BRH:30
end_of_record
TN:
SF:/Users/franz/Sites/TOOLS/graphql-mongo-query/src/functional.ts
FN:42,(anonymous_2)
FN:46,(anonymous_3)
FN:51,(anonymous_4)
FN:55,(anonymous_5)
FN:71,(anonymous_6)
FN:79,(anonymous_7)
FN:94,(anonymous_8)
FN:152,(anonymous_9)
FN:188,(anonymous_10)
FN:199,(anonymous_11)
FN:209,(anonymous_12)
FN:218,(anonymous_13)
FNF:12
FNH:12
FNDA:35,(anonymous_2)
FNDA:41,(anonymous_3)
FNDA:81,(anonymous_4)
FNDA:6,(anonymous_5)
FNDA:6,(anonymous_6)
FNDA:16,(anonymous_7)
FNDA:6,(anonymous_8)
FNDA:26,(anonymous_9)
FNDA:8,(anonymous_10)
FNDA:3,(anonymous_11)
FNDA:1,(anonymous_12)
FNDA:1,(anonymous_13)
DA:3,1
DA:13,1
DA:40,1
DA:42,1
DA:43,35
DA:46,1
DA:47,41
DA:48,17
DA:51,1
DA:52,81
DA:55,1
DA:56,6
DA:57,6
DA:64,2
DA:65,2
DA:68,6
DA:71,1
DA:74,6
DA:79,1
DA:85,16
DA:86,11
DA:87,10
DA:88,7
DA:89,6
DA:90,4
DA:91,0
DA:94,1
DA:99,9
DA:102,0
DA:104,6
DA:107,12
DA:111,0
DA:112,0
DA:117,1
DA:118,1
DA:121,11
DA:122,11
DA:126,5
DA:127,5
DA:132,3
DA:133,3
DA:139,3
DA:141,0
DA:142,0
DA:143,0
DA:147,11
DA:149,5
DA:152,1
DA:155,26
DA:156,26
DA:160,6
DA:165,14
DA:172,13
DA:173,13
DA:174,13
DA:178,1
DA:179,1
DA:186,5
DA:188,8
DA:190,1
DA:195,3
DA:199,3
DA:203,3
DA:206,6
DA:209,1
DA:210,1
DA:211,1
DA:212,2
DA:214,1
DA:217,1
DA:218,1
LF:71
LH:64
BRDA:47,0,0,24
BRDA:47,0,1,17
BRDA:56,1,0,0
BRDA:56,1,1,6
BRDA:60,2,0,7
BRDA:60,2,1,6
BRDA:60,2,2,2
BRDA:85,3,0,5
BRDA:85,3,1,11
BRDA:86,4,0,1
BRDA:86,4,1,10
BRDA:87,5,0,3
BRDA:87,5,1,7
BRDA:88,6,0,1
BRDA:88,6,1,6
BRDA:89,7,0,2
BRDA:89,7,1,4
BRDA:90,8,0,4
BRDA:90,8,1,0
BRDA:99,9,0,3
BRDA:99,9,1,3
BRDA:140,10,0,3
BRDA:140,10,1,2
BRDA:147,11,0,3
BRDA:147,11,1,8
BRDA:155,12,0,0
BRDA:155,12,1,26
BRDA:156,13,0,0
BRDA:156,13,1,26
BRDA:164,14,0,20
BRDA:164,14,1,19
BRDA:172,15,0,6
BRDA:172,15,1,7
BRDA:194,16,0,7
BRDA:194,16,1,6
BRDA:210,17,0,0
BRDA:210,17,1,1
BRDA:211,18,0,0
BRDA:211,18,1,1
BRDA:212,19,0,1
BRDA:212,19,1,0
BRDA:215,20,0,1
BRDA:215,20,1,0
BRDA:217,21,0,1
BRDA:217,21,1,0
BRF:45
BRH:36
end_of_record
